# JRE version: Java(TM) SE Runtime Environment (8.0_271-b09) (build 1.8.0_271-b09)
# Java VM: Java HotSpot(TM) Client VM (25.271-b09 mixed mode, sharing windows-x86 )
Heap:
 def new generation   total 7744K, used 3771K [0x04400000, 0x04c60000, 0x09950000)
  eden space 6912K,  47% used [0x04400000, 0x0473b708, 0x04ac0000)
  from space 832K,  55% used [0x04b90000, 0x04c036a8, 0x04c60000)
  to   space 832K,   0% used [0x04ac0000, 0x04ac0000, 0x04b90000)
 tenured generation   total 32760K, used 32513K [0x09950000, 0x0b94e000, 0x14400000)
   the space 32760K,  99% used [0x09950000, 0x0b9106a0, 0x0b910800, 0x0b94e000)
 Metaspace       used 16996K, capacity 17941K, committed 18048K, reserved 18816K
GC Heap History (10 events):
Event: 2.243 GC heap before
{Heap before GC invocations=16 (full 1):
 def new generation   total 7744K, used 7051K [0x04400000, 0x04c60000, 0x09950000)
  eden space 6912K,  95% used [0x04400000, 0x04a74e38, 0x04ac0000)
  from space 832K,  52% used [0x04ac0000, 0x04b2de18, 0x04b90000)
  to   space 832K,   0% used [0x04b90000, 0x04b90000, 0x04c60000)
 tenured generation   total 17016K, used 10996K [0x09950000, 0x0a9ee000, 0x14400000)
   the space 17016K,  64% used [0x09950000, 0x0a40d2c8, 0x0a40d400, 0x0a9ee000)
 Metaspace       used 13837K, capacity 14337K, committed 14464K, reserved 14720K
Event: 2.268 GC heap after
Heap after GC invocations=17 (full 2):
 def new generation   total 7744K, used 0K [0x04400000, 0x04c60000, 0x09950000)
  eden space 6912K,   0% used [0x04400000, 0x04400000, 0x04ac0000)
  from space 832K,   0% used [0x04b90000, 0x04b90000, 0x04c60000)
  to   space 832K,   0% used [0x04ac0000, 0x04ac0000, 0x04b90000)
 tenured generation   total 17016K, used 9725K [0x09950000, 0x0a9ee000, 0x14400000)
   the space 17016K,  57% used [0x09950000, 0x0a2cf520, 0x0a2cf600, 0x0a9ee000)
 Metaspace       used 13837K, capacity 14337K, committed 14464K, reserved 14720K
}
Event: 12.478 GC heap before
{Heap before GC invocations=17 (full 2):
 def new generation   total 7744K, used 6912K [0x04400000, 0x04c60000, 0x09950000)
  eden space 6912K, 100% used [0x04400000, 0x04ac0000, 0x04ac0000)
  from space 832K,   0% used [0x04b90000, 0x04b90000, 0x04c60000)
  to   space 832K,   0% used [0x04ac0000, 0x04ac0000, 0x04b90000)
 tenured generation   total 32760K, used 25465K [0x09950000, 0x0b94e000, 0x14400000)
   the space 32760K,  77% used [0x09950000, 0x0b22e7b0, 0x0b22e800, 0x0b94e000)
 Metaspace       used 15138K, capacity 15768K, committed 15872K, reserved 16768K
Event: 12.482 GC heap after
Heap after GC invocations=18 (full 2):
 def new generation   total 7744K, used 832K [0x04400000, 0x04c60000, 0x09950000)
  eden space 6912K,   0% used [0x04400000, 0x04400000, 0x04ac0000)
  from space 832K, 100% used [0x04ac0000, 0x04b90000, 0x04b90000)
  to   space 832K,   0% used [0x04b90000, 0x04b90000, 0x04c60000)
 tenured generation   total 32760K, used 25688K [0x09950000, 0x0b94e000, 0x14400000)
   the space 32760K,  78% used [0x09950000, 0x0b2662d8, 0x0b266400, 0x0b94e000)
 Metaspace       used 15138K, capacity 15768K, committed 15872K, reserved 16768K
}
Event: 12.758 GC heap before
{Heap before GC invocations=18 (full 2):
 def new generation   total 7744K, used 7744K [0x04400000, 0x04c60000, 0x09950000)
  eden space 6912K, 100% used [0x04400000, 0x04ac0000, 0x04ac0000)
  from space 832K, 100% used [0x04ac0000, 0x04b90000, 0x04b90000)
  to   space 832K,   0% used [0x04b90000, 0x04b90000, 0x04c60000)
 tenured generation   total 32760K, used 25688K [0x09950000, 0x0b94e000, 0x14400000)
   the space 32760K,  78% used [0x09950000, 0x0b2662d8, 0x0b266400, 0x0b94e000)
 Metaspace       used 15903K, capacity 16641K, committed 16768K, reserved 16768K
Event: 12.762 GC heap after
Heap after GC invocations=19 (full 2):
 def new generation   total 7744K, used 739K [0x04400000, 0x04c60000, 0x09950000)
  eden space 6912K,   0% used [0x04400000, 0x04400000, 0x04ac0000)
  from space 832K,  88% used [0x04b90000, 0x04c48cb8, 0x04c60000)
  to   space 832K,   0% used [0x04ac0000, 0x04ac0000, 0x04b90000)
 tenured generation   total 32760K, used 27507K [0x09950000, 0x0b94e000, 0x14400000)
   the space 32760K,  83% used [0x09950000, 0x0b42cea8, 0x0b42d000, 0x0b94e000)
 Metaspace       used 15903K, capacity 16641K, committed 16768K, reserved 16768K
}
Event: 12.879 GC heap before
{Heap before GC invocations=19 (full 2):
 def new generation   total 7744K, used 7651K [0x04400000, 0x04c60000, 0x09950000)
  eden space 6912K, 100% used [0x04400000, 0x04ac0000, 0x04ac0000)
  from space 832K,  88% used [0x04b90000, 0x04c48cb8, 0x04c60000)
  to   space 832K,   0% used [0x04ac0000, 0x04ac0000, 0x04b90000)
 tenured generation   total 32760K, used 27507K [0x09950000, 0x0b94e000, 0x14400000)
   the space 32760K,  83% used [0x09950000, 0x0b42cea8, 0x0b42d000, 0x0b94e000)
 Metaspace       used 16652K, capacity 17542K, committed 17664K, reserved 17792K
Event: 12.885 GC heap after
Heap after GC invocations=20 (full 2):
 def new generation   total 7744K, used 832K [0x04400000, 0x04c60000, 0x09950000)
  eden space 6912K,   0% used [0x04400000, 0x04400000, 0x04ac0000)
  from space 832K, 100% used [0x04ac0000, 0x04b90000, 0x04b90000)
  to   space 832K,   0% used [0x04b90000, 0x04b90000, 0x04c60000)
 tenured generation   total 32760K, used 28624K [0x09950000, 0x0b94e000, 0x14400000)
   the space 32760K,  87% used [0x09950000, 0x0b544028, 0x0b544200, 0x0b94e000)
 Metaspace       used 16652K, capacity 17542K, committed 17664K, reserved 17792K
}
Event: 14.412 GC heap before
{Heap before GC invocations=20 (full 2):
 def new generation   total 7744K, used 7744K [0x04400000, 0x04c60000, 0x09950000)
  eden space 6912K, 100% used [0x04400000, 0x04ac0000, 0x04ac0000)
  from space 832K, 100% used [0x04ac0000, 0x04b90000, 0x04b90000)
  to   space 832K,   0% used [0x04b90000, 0x04b90000, 0x04c60000)
 tenured generation   total 32760K, used 28624K [0x09950000, 0x0b94e000, 0x14400000)
   the space 32760K,  87% used [0x09950000, 0x0b544028, 0x0b544200, 0x0b94e000)
 Metaspace       used 16908K, capacity 17830K, committed 17920K, reserved 18816K
Event: 14.418 GC heap after
Heap after GC invocations=21 (full 2):
 def new generation   total 7744K, used 461K [0x04400000, 0x04c60000, 0x09950000)
  eden space 6912K,   0% used [0x04400000, 0x04400000, 0x04ac0000)
  from space 832K,  55% used [0x04b90000, 0x04c036a8, 0x04c60000)
  to   space 832K,   0% used [0x04ac0000, 0x04ac0000, 0x04b90000)
 tenured generation   total 32760K, used 32513K [0x09950000, 0x0b94e000, 0x14400000)
   the space 32760K,  99% used [0x09950000, 0x0b9106a0, 0x0b910800, 0x0b94e000)
 Metaspace       used 16908K, capacity 17830K, committed 17920K, reserved 18816K
}

